<?xml version="1.0" encoding="UTF-8"?>
<testng-results skipped="0" failed="0" ignored="0" total="1" passed="1">
  <reporter-output>
  </reporter-output>
  <suite name="Default suite" duration-ms="1941" started-at="2022-12-11T08:04:41Z" finished-at="2022-12-11T08:04:43Z">
    <groups>
    </groups>
    <test name="Default test" duration-ms="1941" started-at="2022-12-11T08:04:41Z" finished-at="2022-12-11T08:04:43Z">
      <class name="com.Phase3Project.End2EndTest">
        <test-method status="PASS" signature="TestEmp()[pri:0, instance:com.Phase3Project.End2EndTest@5e316c74]" name="TestEmp" duration-ms="1925" started-at="2022-12-11T08:04:41Z" finished-at="2022-12-11T08:04:43Z">
          <reporter-output>
          </reporter-output>
        </test-method> <!-- TestEmp -->
      </class> <!-- com.Phase3Project.End2EndTest -->
    </test> <!-- Default test -->
  </suite> <!-- Default suite -->
</testng-results>
